<?xml version="1.0" encoding="UTF-8"?>
<!-- Generated by org.testng.reporters.JUnitXMLReporter -->
<testsuite ignored="0" hostname="DESKTOP-2285V6I" failures="0" tests="10" name="overview page display" time="3.536" errors="0" timestamp="2021-05-22T10:16:12 EDT">
  <testcase classname="overviewPage.OverviewDisplayTest" name="verifySpecialTextDisplay" time="0.049"/>
  <testcase classname="overviewPage.OverviewDisplayTest" name="newProductsTextDisplay" time="0.036"/>
  <testcase classname="overviewPage.OverviewDisplayTest" name="bestSellersTextDisplay" time="0.033"/>
  <testcase classname="overviewPage.OverviewDisplayTest" name="ourStoresTextDisplay" time="0.024"/>
  <testcase classname="overviewPage.OverviewDisplayTest" name="contactUsTextDisplay" time="0.032"/>
  <testcase classname="overviewPage.OverviewDisplayTest" name="termsAndConditionTextDisplay" time="0.026"/>
  <testcase classname="overviewPage.OverviewDisplayTest" name="aboutUSTextDisplay" time="0.037"/>
  <testcase classname="overviewPage.OverviewDisplayTest" name="siteMapTextDisplay" time="0.026"/>
  <testcase classname="overviewPage.OverviewDisplayTest" name="myOrdersTextDisplay" time="0.021"/>
  <testcase classname="overviewPage.OverviewDisplayTest" name="myCreditSlipsTextDisplay" time="0.02"/>
</testsuite> <!-- overview page display -->
